c:\users\laith\documents\projects\noise\win32\release\vc120.pdb
c:\users\laith\documents\projects\noise\win32\release\min.obj
c:\users\laith\documents\projects\noise\win32\release\max.obj
c:\users\laith\documents\projects\noise\win32\release\invert.obj
c:\users\laith\documents\projects\noise\win32\release\exponent.obj
c:\users\laith\documents\projects\noise\win32\release\displace.obj
c:\users\laith\documents\projects\noise\win32\release\cylinders.obj
c:\users\laith\documents\projects\noise\win32\release\curve.obj
c:\users\laith\documents\projects\noise\win32\release\const.obj
c:\users\laith\documents\projects\noise\win32\release\clamp.obj
c:\users\laith\documents\projects\noise\win32\release\checkerboard.obj
c:\users\laith\documents\projects\noise\win32\release\cache.obj
c:\users\laith\documents\projects\noise\win32\release\blend.obj
c:\users\laith\documents\projects\noise\win32\release\billow.obj
c:\users\laith\documents\projects\noise\win32\release\add.obj
c:\users\laith\documents\projects\noise\win32\release\abs.obj
c:\users\laith\documents\projects\noise\win32\release\sphere.obj
c:\users\laith\documents\projects\noise\win32\release\plane.obj
c:\users\laith\documents\projects\noise\win32\release\line.obj
c:\users\laith\documents\projects\noise\win32\release\cylinder.obj
c:\users\laith\documents\projects\noise\win32\release\latlon.obj
c:\users\laith\documents\projects\noise\win32\release\dllmain.obj
c:\users\laith\documents\projects\noise\win32\release\noisegen.obj
c:\users\laith\documents\projects\noise\win32\release\voronoi.obj
c:\users\laith\documents\projects\noise\win32\release\turbulence.obj
c:\users\laith\documents\projects\noise\win32\release\translatepoint.obj
c:\users\laith\documents\projects\noise\win32\release\terrace.obj
c:\users\laith\documents\projects\noise\win32\release\spheres.obj
c:\users\laith\documents\projects\noise\win32\release\select.obj
c:\users\laith\documents\projects\noise\win32\release\scalepoint.obj
c:\users\laith\documents\projects\noise\win32\release\scalebias.obj
c:\users\laith\documents\projects\noise\win32\release\rotatepoint.obj
c:\users\laith\documents\projects\noise\win32\release\ridgedmulti.obj
c:\users\laith\documents\projects\noise\win32\release\power.obj
c:\users\laith\documents\projects\noise\win32\release\perlin.obj
c:\users\laith\documents\projects\noise\win32\release\multiply.obj
c:\users\laith\documents\projects\noise\win32\release\modulebase.obj
c:\users\laith\documents\projects\noise\win32\release\libnoise.lib
c:\users\laith\documents\projects\noise\win32\release\libnoise.exp
c:\users\laith\documents\projects\noise\x64\release\noise.res
c:\users\laith\documents\projects\noise\x64\release\libnoise.tlog\cl.command.1.tlog
c:\users\laith\documents\projects\noise\x64\release\libnoise.tlog\cl.read.1.tlog
c:\users\laith\documents\projects\noise\x64\release\libnoise.tlog\cl.write.1.tlog
c:\users\laith\documents\projects\noise\x64\release\libnoise.tlog\libnoise.write.1u.tlog
c:\users\laith\documents\projects\noise\x64\release\libnoise.tlog\link.command.1.tlog
c:\users\laith\documents\projects\noise\x64\release\libnoise.tlog\link.read.1.tlog
c:\users\laith\documents\projects\noise\x64\release\libnoise.tlog\link.write.1.tlog
c:\users\laith\documents\projects\noise\x64\release\libnoise.tlog\rc.command.1.tlog
c:\users\laith\documents\projects\noise\x64\release\libnoise.tlog\rc.read.1.tlog
c:\users\laith\documents\projects\noise\x64\release\libnoise.tlog\rc.write.1.tlog
