Build started 5/28/2016 2:15:43 PM.
     1>Project "C:\Users\Laith\Documents\Projects\noise\libnoise.vcxproj" on node 2 (Build target(s)).
     1>ClCompile:
         C:\Program Files (x86)\Microsoft Visual Studio 12.0\VC\bin\x86_amd64\CL.exe /c /Zi /nologo /W3 /WX- /Od /D WIN32 /D DLLEXPORT /D DLLEXPORT_DEBUG /D _WINDOWS /D _VC80_UPGRADE=0x0600 /D _WINDLL /Gm- /EHsc /MTd /GS /Gy- /fp:precise /Zc:wchar_t /Zc:forScope /Fo".\win32/Debug\\" /Fd".\win32/Debug\vc120.pdb" /Gd /TP /errorReport:prompt src\latlon.cpp src\model\cylinder.cpp src\model\line.cpp src\model\plane.cpp src\model\sphere.cpp src\module\abs.cpp src\module\add.cpp src\module\billow.cpp src\module\blend.cpp src\module\cache.cpp src\module\checkerboard.cpp src\module\clamp.cpp src\module\const.cpp src\module\curve.cpp src\module\cylinders.cpp src\module\displace.cpp src\module\exponent.cpp src\module\invert.cpp src\module\max.cpp src\module\min.cpp src\module\modulebase.cpp src\module\multiply.cpp src\module\perlin.cpp src\module\power.cpp src\module\ridgedmulti.cpp src\module\rotatepoint.cpp src\module\scalebias.cpp src\module\scalepoint.cpp src\module\select.cpp src\module\spheres.cpp src\module\terrace.cpp src\module\translatepoint.cpp src\module\turbulence.cpp src\module\voronoi.cpp src\noisegen.cpp src\win32\dllmain.cpp
         latlon.cpp
         cylinder.cpp
         line.cpp
         plane.cpp
         sphere.cpp
         abs.cpp
         add.cpp
         billow.cpp
         blend.cpp
         cache.cpp
         checkerboard.cpp
         clamp.cpp
         const.cpp
         curve.cpp
         cylinders.cpp
         displace.cpp
         exponent.cpp
         invert.cpp
         max.cpp
         min.cpp
         Generating Code...
         Compiling...
         modulebase.cpp
         multiply.cpp
         perlin.cpp
         power.cpp
         ridgedmulti.cpp
         rotatepoint.cpp
         scalebias.cpp
         scalepoint.cpp
         select.cpp
         spheres.cpp
         terrace.cpp
         translatepoint.cpp
         turbulence.cpp
         voronoi.cpp
         noisegen.cpp
         dllmain.cpp
         Generating Code...
       ResourceCompile:
         C:\Program Files (x86)\Windows Kits\8.1\bin\x86\rc.exe /D _DEBUG /D _VC80_UPGRADE=0x0600 /l"0x0409" /Isrc\win32 /nologo /fo"x64\Debug\noise.res" src\win32\noise.rc 
       Link:
         C:\Program Files (x86)\Microsoft Visual Studio 12.0\VC\bin\x86_amd64\link.exe /ERRORREPORT:PROMPT /OUT:".\x64/Debug\libnoise.dll" /INCREMENTAL /NOLOGO odbc32.lib odbccp32.lib kernel32.lib user32.lib gdi32.lib winspool.lib comdlg32.lib advapi32.lib shell32.lib ole32.lib oleaut32.lib uuid.lib odbc32.lib odbccp32.lib /MANIFEST /MANIFESTUAC:"level='asInvoker' uiAccess='false'" /manifest:embed /DEBUG /PDB:"C:\Users\Laith\Documents\Projects\noise\x64\Debug\libnoise.pdb" /SUBSYSTEM:WINDOWS /TLBID:1 /DYNAMICBASE /NXCOMPAT /IMPLIB:".\win32/Debug\libnoise.lib" /MACHINE:X64 /DLL x64\Debug\noise.res
         .\win32/Debug\latlon.obj
         .\win32/Debug\cylinder.obj
         .\win32/Debug\line.obj
         .\win32/Debug\plane.obj
         .\win32/Debug\sphere.obj
         .\win32/Debug\abs.obj
         .\win32/Debug\add.obj
         .\win32/Debug\billow.obj
         .\win32/Debug\blend.obj
         .\win32/Debug\cache.obj
         .\win32/Debug\checkerboard.obj
         .\win32/Debug\clamp.obj
         .\win32/Debug\const.obj
         .\win32/Debug\curve.obj
         .\win32/Debug\cylinders.obj
         .\win32/Debug\displace.obj
         .\win32/Debug\exponent.obj
         .\win32/Debug\invert.obj
         .\win32/Debug\max.obj
         .\win32/Debug\min.obj
         .\win32/Debug\modulebase.obj
         .\win32/Debug\multiply.obj
         .\win32/Debug\perlin.obj
         .\win32/Debug\power.obj
         .\win32/Debug\ridgedmulti.obj
         .\win32/Debug\rotatepoint.obj
         .\win32/Debug\scalebias.obj
         .\win32/Debug\scalepoint.obj
         .\win32/Debug\select.obj
         .\win32/Debug\spheres.obj
         .\win32/Debug\terrace.obj
         .\win32/Debug\translatepoint.obj
         .\win32/Debug\turbulence.obj
         .\win32/Debug\voronoi.obj
         .\win32/Debug\noisegen.obj
         .\win32/Debug\dllmain.obj
            Creating library .\win32/Debug\libnoise.lib and object .\win32/Debug\libnoise.exp
         libnoise.vcxproj -> C:\Users\Laith\Documents\Projects\noise\x64\Debug\libnoise.dll
     1>Done Building Project "C:\Users\Laith\Documents\Projects\noise\libnoise.vcxproj" (Build target(s)).

Build succeeded.

Time Elapsed 00:00:03.03
