c:\users\laith\documents\projects\noise\win32\debug\vc120.pdb
c:\users\laith\documents\projects\noise\win32\debug\min.obj
c:\users\laith\documents\projects\noise\win32\debug\max.obj
c:\users\laith\documents\projects\noise\win32\debug\invert.obj
c:\users\laith\documents\projects\noise\win32\debug\exponent.obj
c:\users\laith\documents\projects\noise\win32\debug\displace.obj
c:\users\laith\documents\projects\noise\win32\debug\cylinders.obj
c:\users\laith\documents\projects\noise\win32\debug\curve.obj
c:\users\laith\documents\projects\noise\win32\debug\const.obj
c:\users\laith\documents\projects\noise\win32\debug\clamp.obj
c:\users\laith\documents\projects\noise\win32\debug\checkerboard.obj
c:\users\laith\documents\projects\noise\win32\debug\cache.obj
c:\users\laith\documents\projects\noise\win32\debug\blend.obj
c:\users\laith\documents\projects\noise\win32\debug\billow.obj
c:\users\laith\documents\projects\noise\win32\debug\add.obj
c:\users\laith\documents\projects\noise\win32\debug\abs.obj
c:\users\laith\documents\projects\noise\win32\debug\sphere.obj
c:\users\laith\documents\projects\noise\win32\debug\plane.obj
c:\users\laith\documents\projects\noise\win32\debug\line.obj
c:\users\laith\documents\projects\noise\win32\debug\cylinder.obj
c:\users\laith\documents\projects\noise\win32\debug\latlon.obj
c:\users\laith\documents\projects\noise\win32\debug\dllmain.obj
c:\users\laith\documents\projects\noise\win32\debug\noisegen.obj
c:\users\laith\documents\projects\noise\win32\debug\voronoi.obj
c:\users\laith\documents\projects\noise\win32\debug\turbulence.obj
c:\users\laith\documents\projects\noise\win32\debug\translatepoint.obj
c:\users\laith\documents\projects\noise\win32\debug\terrace.obj
c:\users\laith\documents\projects\noise\win32\debug\spheres.obj
c:\users\laith\documents\projects\noise\win32\debug\select.obj
c:\users\laith\documents\projects\noise\win32\debug\scalepoint.obj
c:\users\laith\documents\projects\noise\win32\debug\scalebias.obj
c:\users\laith\documents\projects\noise\win32\debug\rotatepoint.obj
c:\users\laith\documents\projects\noise\win32\debug\ridgedmulti.obj
c:\users\laith\documents\projects\noise\win32\debug\power.obj
c:\users\laith\documents\projects\noise\win32\debug\perlin.obj
c:\users\laith\documents\projects\noise\win32\debug\multiply.obj
c:\users\laith\documents\projects\noise\win32\debug\modulebase.obj
c:\users\laith\documents\projects\noise\win32\debug\libnoise.lib
c:\users\laith\documents\projects\noise\win32\debug\libnoise.exp
c:\users\laith\documents\projects\noise\x64\debug\noise.res
c:\users\laith\documents\projects\noise\x64\debug\libnoise.pdb
c:\users\laith\documents\projects\noise\x64\debug\libnoise.tlog\cl.command.1.tlog
c:\users\laith\documents\projects\noise\x64\debug\libnoise.tlog\cl.read.1.tlog
c:\users\laith\documents\projects\noise\x64\debug\libnoise.tlog\cl.write.1.tlog
c:\users\laith\documents\projects\noise\x64\debug\libnoise.tlog\libnoise.write.1u.tlog
c:\users\laith\documents\projects\noise\x64\debug\libnoise.tlog\link.21656.read.1.tlog
c:\users\laith\documents\projects\noise\x64\debug\libnoise.tlog\link.21656.write.1.tlog
c:\users\laith\documents\projects\noise\x64\debug\libnoise.tlog\link.command.1.tlog
c:\users\laith\documents\projects\noise\x64\debug\libnoise.tlog\link.read.1.tlog
c:\users\laith\documents\projects\noise\x64\debug\libnoise.tlog\link.write.1.tlog
c:\users\laith\documents\projects\noise\x64\debug\libnoise.tlog\rc.command.1.tlog
c:\users\laith\documents\projects\noise\x64\debug\libnoise.tlog\rc.read.1.tlog
c:\users\laith\documents\projects\noise\x64\debug\libnoise.tlog\rc.write.1.tlog
