c:\users\laith\documents\projects\noise\vc120.pdb
c:\users\laith\documents\projects\noise\min.obj
c:\users\laith\documents\projects\noise\max.obj
c:\users\laith\documents\projects\noise\invert.obj
c:\users\laith\documents\projects\noise\exponent.obj
c:\users\laith\documents\projects\noise\displace.obj
c:\users\laith\documents\projects\noise\cylinders.obj
c:\users\laith\documents\projects\noise\curve.obj
c:\users\laith\documents\projects\noise\const.obj
c:\users\laith\documents\projects\noise\clamp.obj
c:\users\laith\documents\projects\noise\checkerboard.obj
c:\users\laith\documents\projects\noise\cache.obj
c:\users\laith\documents\projects\noise\blend.obj
c:\users\laith\documents\projects\noise\billow.obj
c:\users\laith\documents\projects\noise\add.obj
c:\users\laith\documents\projects\noise\abs.obj
c:\users\laith\documents\projects\noise\sphere.obj
c:\users\laith\documents\projects\noise\plane.obj
c:\users\laith\documents\projects\noise\line.obj
c:\users\laith\documents\projects\noise\cylinder.obj
c:\users\laith\documents\projects\noise\latlon.obj
c:\users\laith\documents\projects\noise\dllmain.obj
c:\users\laith\documents\projects\noise\noisegen.obj
c:\users\laith\documents\projects\noise\voronoi.obj
c:\users\laith\documents\projects\noise\turbulence.obj
c:\users\laith\documents\projects\noise\translatepoint.obj
c:\users\laith\documents\projects\noise\terrace.obj
c:\users\laith\documents\projects\noise\spheres.obj
c:\users\laith\documents\projects\noise\select.obj
c:\users\laith\documents\projects\noise\scalepoint.obj
c:\users\laith\documents\projects\noise\scalebias.obj
c:\users\laith\documents\projects\noise\rotatepoint.obj
c:\users\laith\documents\projects\noise\ridgedmulti.obj
c:\users\laith\documents\projects\noise\power.obj
c:\users\laith\documents\projects\noise\perlin.obj
c:\users\laith\documents\projects\noise\multiply.obj
c:\users\laith\documents\projects\noise\modulebase.obj
c:\users\laith\documents\projects\noise\win32\release\libnoise.lib
c:\users\laith\documents\projects\noise\win32\release\libnoise.exp
c:\users\laith\documents\projects\noise\win32\release\libnoise.dll
c:\users\laith\documents\projects\noise\win32\release\noise.res
c:\users\laith\documents\projects\noise\./win32/release/libnoise.dll
c:\users\laith\documents\projects\noise\win32\release\libnoise.tlog\cl.command.1.tlog
c:\users\laith\documents\projects\noise\win32\release\libnoise.tlog\cl.read.1.tlog
c:\users\laith\documents\projects\noise\win32\release\libnoise.tlog\cl.write.1.tlog
c:\users\laith\documents\projects\noise\win32\release\libnoise.tlog\libnoise.write.1u.tlog
c:\users\laith\documents\projects\noise\win32\release\libnoise.tlog\link.command.1.tlog
c:\users\laith\documents\projects\noise\win32\release\libnoise.tlog\link.read.1.tlog
c:\users\laith\documents\projects\noise\win32\release\libnoise.tlog\link.write.1.tlog
c:\users\laith\documents\projects\noise\win32\release\libnoise.tlog\rc.command.1.tlog
c:\users\laith\documents\projects\noise\win32\release\libnoise.tlog\rc.read.1.tlog
c:\users\laith\documents\projects\noise\win32\release\libnoise.tlog\rc.write.1.tlog
